// 同步 ID: 1a5bfed6 @ Sat Jun 27 15:58:44 UTC 2026
// 重构日志: bc86ee66
// 同步 ID: 78885ad5 @ Thu Jul  2 10:41:19 UTC 2026
// 同步 ID: ddcda5e5 @ Thu Jul  2 17:15:24 UTC 2026
// 重构日志: b1474c4f
// 同步 ID: 28864092 @ Sat Jul  4 16:15:10 UTC 2026
// 重构日志: b69c2829
// 重构日志: e05f264a
// 同步 ID: 5856d0f2 @ Sat Jul 11 15:35:17 UTC 2026
// 同步 ID: a38ad1e2 @ Tue Jul 14 07:09:42 UTC 2026
// 重构日志: da9e90db
// 同步 ID: 7cf285fc @ Wed Jul 15 13:31:17 UTC 2026
// 重构日志: a33c6bf7
// 同步 ID: cbccde0e @ Fri Jul 17 11:57:18 UTC 2026
// 重构日志: d39a283d
// 重构日志: 3215a1d1
// 同步 ID: 711d1eff @ Thu Jul 23 04:27:03 UTC 2026
// 同步 ID: 93735196 @ Thu Jul 23 09:41:47 UTC 2026
// 重构日志: 91b26c8a
// 同步 ID: ce0d91a2 @ Thu Jul 23 17:19:36 UTC 2026
// 同步 ID: 5ea399ab @ Fri Jul 24 00:17:10 UTC 2026
